proguard.cfg
-optimizationpasses 5
-dontusemixedcaseclassnames
-dontskipnonpubliclibraryclasses
-dontpreverify
-verbose
-optimizations !code/simplification/arithmetic,!field/*,!class/merging/*
-keepclassmembers class * {
   public <init>(org.json.JSONObject);
}
-keep public class com.massvig.ecommerce.boqi.R$*{
    public static final int *;
}
-keep public class * extends android.app.Activity
-keep public class * extends android.app.Application
-keep public class * extends android.app.Service
-keep public class * extends android.content.BroadcastReceiver
-keep public class * extends android.content.ContentProvider
-keep public class * extends android.app.backup.BackupAgentHelper
-keep public class * extends android.preference.Preference
-keep public class com.android.vending.licensing.ILicensingService

-keep public class com.alipay.android.app.IAlixPay
-keep public class android.webkit.WebViewClient
-keep class com.tencent.mm.sdk.openapi.WXMediaMessage {*;} 
-keep class com.tencent.mm.sdk.openapi.** implements com.tencent.mm.sdk.openapi.WXMediaMessage$IMediaObject {*;}

-keep class org.apache.commons.logging.** {*;}
-keep class org.apache.commons.httpclient.** {*;}
-keep class org.apache.commons.codec.** {*;}
-keep class com.tencent.** {*;}
-keep class com.alipay.** {*;}
-keep class com.unionpay.** {*;}
-keep class org.dom4j.** {*;}
-keep class com.weibo.** {*;}
-keep class android.webkit.** {*;}
-keep class com.amap.mapapi.** {*;}

-keep class com.kenai.** {*;}
-keep class com.novell.sasl.** {*;}
-keep class de.measite.** {*;}
-keep class org.apache.harmony.javax.security.** {*;}
-keep class org.apache.qpid.** {*;}
-keep class org.jivesoftware.** {*;}
-keep class org.xbill.** {*;}

-dontwarn android.support.**
-dontwarn com.amap.mapapi.**
-dontwarn com.weibo.**
-dontwarn android.webkit.**
-dontwarn eclipse.local.sdk.**

-keepclasseswithmembernames class * {
    native <methods>;
}

-keepclasseswithmembers class * {
    public <init>(android.content.Context, android.util.AttributeSet);
}

-keepclasseswithmembers class * {
    public <init>(android.content.Context, android.util.AttributeSet, int);
}

-keepclassmembers class * extends android.app.Activity {
   public void *(android.view.View);
}

-keepclassmembers enum * {
    public static **[] values();
    public static ** valueOf(java.lang.String);
}

-keep class * implements android.os.Parcelable {
  public static final android.os.Parcelable$Creator *;
}