proguard/seeds.txt
org.xbill.DNS.A6Record
org.xbill.DNS.A6Record: long serialVersionUID
org.xbill.DNS.A6Record: int prefixBits
org.xbill.DNS.A6Record: java.net.InetAddress suffix
org.xbill.DNS.A6Record: org.xbill.DNS.Name prefix
org.xbill.DNS.A6Record: A6Record()
org.xbill.DNS.A6Record: org.xbill.DNS.Record getObject()
org.xbill.DNS.A6Record: A6Record(org.xbill.DNS.Name,int,long,int,java.net.InetAddress,org.xbill.DNS.Name)
org.xbill.DNS.A6Record: void rrFromWire(org.xbill.DNS.DNSInput)
org.xbill.DNS.A6Record: void rdataFromString(org.xbill.DNS.Tokenizer,org.xbill.DNS.Name)
org.xbill.DNS.A6Record: java.lang.String rrToString()
org.xbill.DNS.A6Record: int getPrefixBits()
org.xbill.DNS.A6Record: java.net.InetAddress getSuffix()
org.xbill.DNS.A6Record: org.xbill.DNS.Name getPrefix()
org.xbill.DNS.A6Record: void rrToWire(org.xbill.DNS.DNSOutput,org.xbill.DNS.Compression,boolean)
org.xbill.DNS.AAAARecord
org.xbill.DNS.AAAARecord: long serialVersionUID
org.xbill.DNS.AAAARecord: java.net.InetAddress address
org.xbill.DNS.AAAARecord: AAAARecord()
org.xbill.DNS.AAAARecord: org.xbill.DNS.Record getObject()
org.xbill.DNS.AAAARecord: AAAARecord(org.xbill.DNS.Name,int,long,java.net.InetAddress)
org.xbill.DNS.AAAARecord: void rrFromWire(org.xbill.DNS.DNSInput)
org.xbill.DNS.AAAARecord: void rdataFromString(org.xbill.DNS.Tokenizer,org.xbill.DNS.Name)
org.xbill.DNS.AAAARecord: java.lang.String rrToString()
org.xbill.DNS.AAAARecord: java.net.InetAddress getAddress()
org.xbill.DNS.AAAARecord: void rrToWire(org.xbill.DNS.DNSOutput,org.xbill.DNS.Compression,boolean)
org.xbill.DNS.AFSDBRecord
org.xbill.DNS.AFSDBRecord: long serialVersionUID
org.xbill.DNS.AFSDBRecord: AFSDBRecord()
org.xbill.DNS.AFSDBRecord: org.xbill.DNS.Record getObject()
org.xbill.DNS.AFSDBRecord: AFSDBRecord(org.xbill.DNS.Name,int,long,int,org.xbill.DNS.Name)
org.xbill.DNS.AFSDBRecord: int getSubtype()
org.xbill.DNS.AFSDBRecord: org.xbill.DNS.Name getHost()
org.xbill.DNS.APLRecord
org.xbill.DNS.APLRecord: long serialVersionUID
org.xbill.DNS.APLRecord: java.util.List elements
org.xbill.DNS.APLRecord: APLRecord()
org.xbill.DNS.APLRecord: org.xbill.DNS.Record getObject()
org.xbill.DNS.APLRecord: boolean validatePrefixLength(int,int)
org.xbill.DNS.APLRecord: APLRecord(org.xbill.DNS.Name,int,long,java.util.List)
org.xbill.DNS.APLRecord: byte[] parseAddress(byte[],int)
org.xbill.DNS.APLRecord: void rrFromWire(org.xbill.DNS.DNSInput)
org.xbill.DNS.APLRecord: void rdataFromString(org.xbill.DNS.Tokenizer,org.xbill.DNS.Name)
org.xbill.DNS.APLRecord: java.lang.String rrToString()
org.xbill.DNS.APLRecord: java.util.List getElements()
org.xbill.DNS.APLRecord: int addressLength(byte[])
org.xbill.DNS.APLRecord: void rrToWire(org.xbill.DNS.DNSOutput,org.xbill.DNS.Compression,boolean)
org.xbill.DNS.APLRecord: boolean access$000(int,int)
org.xbill.DNS.APLRecord$1
org.xbill.DNS.APLRecord$Element
org.xbill.DNS.APLRecord$Element: int family
org.xbill.DNS.APLRecord$Element: boolean negative
org.xbill.DNS.APLRecord$Element: int prefixLength
org.xbill.DNS.APLRecord$Element: java.lang.Object address
org.xbill.DNS.APLRecord$Element: APLRecord$Element(int,boolean,java.lang.Object,int)
org.xbill.DNS.APLRecord$Element: APLRecord$Element(boolean,java.net.InetAddress,int)
org.xbill.DNS.APLRecord$Element: java.lang.String toString()
org.xbill.DNS.APLRecord$Element: boolean equals(java.lang.Object)
org.xbill.DNS.APLRecord$Element: int hashCode()
org.xbill.DNS.APLRecord$Element: APLRecord$Element(int,boolean,java.lang.Object,int,org.xbill.DNS.APLRecord$1)