proguard/mapping.txt
org.jivesoftware.smackx.filetransfer.OutgoingFileTransfer -> org.jivesoftware.smackx.filetransfer.OutgoingFileTransfer:
    int RESPONSE_TIMEOUT -> RESPONSE_TIMEOUT
    org.jivesoftware.smackx.filetransfer.OutgoingFileTransfer$NegotiationProgress callback -> callback
    java.io.OutputStream outputStream -> outputStream
    java.lang.String initiator -> initiator
    java.lang.Thread transferThread -> transferThread
    int getResponseTimeout() -> getResponseTimeout
    void setResponseTimeout(int) -> setResponseTimeout
    void setOutputStream(java.io.OutputStream) -> setOutputStream
    java.io.OutputStream getOutputStream() -> getOutputStream
    java.io.OutputStream sendFile(java.lang.String,long,java.lang.String) -> sendFile
    void sendFile(java.lang.String,long,java.lang.String,org.jivesoftware.smackx.filetransfer.OutgoingFileTransfer$NegotiationProgress) -> sendFile
    void checkTransferThread() -> checkTransferThread
    void sendFile(java.io.File,java.lang.String) -> sendFile
    void sendStream(java.io.InputStream,java.lang.String,long,java.lang.String) -> sendStream
    void handleXMPPException(org.jivesoftware.smack.XMPPException) -> handleXMPPException
    long getBytesSent() -> getBytesSent
    java.io.OutputStream negotiateStream(java.lang.String,long,java.lang.String) -> negotiateStream
    void cancel() -> cancel
org.jivesoftware.smackx.filetransfer.OutgoingFileTransfer$1 -> org.jivesoftware.smackx.filetransfer.OutgoingFileTransfer$1:
    java.lang.String val$fileName -> val$fileName
    long val$fileSize -> val$fileSize
    java.lang.String val$description -> val$description
    org.jivesoftware.smackx.filetransfer.OutgoingFileTransfer$NegotiationProgress val$progress -> val$progress
    org.jivesoftware.smackx.filetransfer.OutgoingFileTransfer this$0 -> this$0
    void run() -> run
org.jivesoftware.smackx.filetransfer.OutgoingFileTransfer$2 -> org.jivesoftware.smackx.filetransfer.OutgoingFileTransfer$2:
    java.io.File val$file -> val$file
    java.lang.String val$description -> val$description
    org.jivesoftware.smackx.filetransfer.OutgoingFileTransfer this$0 -> this$0
    void run() -> run
org.jivesoftware.smackx.filetransfer.OutgoingFileTransfer$3 -> org.jivesoftware.smackx.filetransfer.OutgoingFileTransfer$3:
    java.lang.String val$fileName -> val$fileName
    long val$fileSize -> val$fileSize
    java.lang.String val$description -> val$description
    java.io.InputStream val$in -> val$in
    org.jivesoftware.smackx.filetransfer.OutgoingFileTransfer this$0 -> this$0
    void run() -> run
org.jivesoftware.smackx.filetransfer.OutgoingFileTransfer$NegotiationProgress -> org.jivesoftware.smackx.filetransfer.OutgoingFileTransfer$NegotiationProgress:
    void statusUpdated(org.jivesoftware.smackx.filetransfer.FileTransfer$Status,org.jivesoftware.smackx.filetransfer.FileTransfer$Status) -> statusUpdated
    void outputStreamEstablished(java.io.OutputStream) -> outputStreamEstablished
    void errorEstablishingStream(java.lang.Exception) -> errorEstablishingStream
org.jivesoftware.smackx.filetransfer.Socks5TransferNegotiator -> org.jivesoftware.smackx.filetransfer.Socks5TransferNegotiator:
    org.jivesoftware.smack.Connection connection -> connection
    org.jivesoftware.smackx.bytestreams.socks5.Socks5BytestreamManager manager -> manager
    java.io.OutputStream createOutgoingStream(java.lang.String,java.lang.String,java.lang.String) -> createOutgoingStream
    java.io.InputStream createIncomingStream(org.jivesoftware.smackx.packet.StreamInitiation) -> createIncomingStream
    org.jivesoftware.smack.filter.PacketFilter getInitiationPacketFilter(java.lang.String,java.lang.String) -> getInitiationPacketFilter
    java.lang.String[] getNamespaces() -> getNamespaces
    java.io.InputStream negotiateIncomingStream(org.jivesoftware.smack.packet.Packet) -> negotiateIncomingStream
    void cleanup() -> cleanup