proguard/usage.txt
com.google.zxing.common.reedsolomon.GF256
com.google.zxing.common.reedsolomon.GF256Poly
com.google.zxing.common.reedsolomon.ReedSolomonDecoder
com.google.zxing.common.reedsolomon.ReedSolomonEncoder
com.google.zxing.common.reedsolomon.ReedSolomonException
com.google.zxing.datamatrix.DataMatrixReader
com.google.zxing.datamatrix.decoder.BitMatrixParser
com.google.zxing.datamatrix.decoder.DataBlock
com.google.zxing.datamatrix.decoder.DecodedBitStreamParser
com.google.zxing.datamatrix.decoder.Decoder
com.google.zxing.datamatrix.decoder.Version
com.google.zxing.datamatrix.decoder.Version$1
com.google.zxing.datamatrix.decoder.Version$ECB
com.google.zxing.datamatrix.decoder.Version$ECBlocks
com.google.zxing.datamatrix.detector.Detector
com.google.zxing.datamatrix.detector.Detector$1
com.google.zxing.datamatrix.detector.Detector$ResultPointsAndTransitions
com.google.zxing.datamatrix.detector.Detector$ResultPointsAndTransitionsComparator
com.google.zxing.multi.ByQuadrantReader
com.google.zxing.multi.GenericMultipleBarcodeReader
com.google.zxing.multi.MultipleBarcodeReader
com.google.zxing.multi.qrcode.QRCodeMultiReader
com.google.zxing.multi.qrcode.detector.MultiDetector
com.google.zxing.multi.qrcode.detector.MultiFinderPatternFinder
com.google.zxing.multi.qrcode.detector.MultiFinderPatternFinder$1
com.google.zxing.multi.qrcode.detector.MultiFinderPatternFinder$ModuleSizeComparator
com.google.zxing.oned.CodaBarReader
com.google.zxing.oned.Code128Reader
com.google.zxing.oned.Code128Writer
com.google.zxing.oned.Code39Reader
com.google.zxing.oned.Code39Writer
com.google.zxing.oned.Code93Reader
com.google.zxing.oned.EAN13Reader
com.google.zxing.oned.EAN13Writer
com.google.zxing.oned.EAN8Reader
com.google.zxing.oned.EAN8Writer
com.google.zxing.oned.EANManufacturerOrgSupport
com.google.zxing.oned.ITFReader
com.google.zxing.oned.ITFWriter
com.google.zxing.oned.MultiFormatOneDReader
com.google.zxing.oned.MultiFormatUPCEANReader
com.google.zxing.oned.OneDReader
com.google.zxing.oned.UPCAReader
com.google.zxing.oned.UPCEANExtensionSupport
com.google.zxing.oned.UPCEANReader
com.google.zxing.oned.UPCEANWriter
com.google.zxing.oned.UPCEReader
com.google.zxing.oned.rss.AbstractRSSReader
com.google.zxing.oned.rss.DataCharacter
com.google.zxing.oned.rss.FinderPattern
com.google.zxing.oned.rss.Pair
com.google.zxing.oned.rss.RSS14Reader
com.google.zxing.oned.rss.RSSUtils
com.google.zxing.oned.rss.expanded.BitArrayBuilder
com.google.zxing.oned.rss.expanded.ExpandedPair
com.google.zxing.oned.rss.expanded.RSSExpandedReader
com.google.zxing.oned.rss.expanded.decoders.AI013103decoder
com.google.zxing.oned.rss.expanded.decoders.AI01320xDecoder
com.google.zxing.oned.rss.expanded.decoders.AI01392xDecoder
com.google.zxing.oned.rss.expanded.decoders.AI01393xDecoder
com.google.zxing.oned.rss.expanded.decoders.AI013x0x1xDecoder
com.google.zxing.oned.rss.expanded.decoders.AI013x0xDecoder
com.google.zxing.oned.rss.expanded.decoders.AI01AndOtherAIs
com.google.zxing.oned.rss.expanded.decoders.AI01decoder
com.google.zxing.oned.rss.expanded.decoders.AI01weightDecoder
com.google.zxing.oned.rss.expanded.decoders.AbstractExpandedDecoder
com.google.zxing.oned.rss.expanded.decoders.AnyAIDecoder
com.google.zxing.oned.rss.expanded.decoders.BlockParsedResult
com.google.zxing.oned.rss.expanded.decoders.CurrentParsingState
com.google.zxing.oned.rss.expanded.decoders.DecodedChar
com.google.zxing.oned.rss.expanded.decoders.DecodedInformation
com.google.zxing.oned.rss.expanded.decoders.DecodedNumeric
com.google.zxing.oned.rss.expanded.decoders.DecodedObject
com.google.zxing.oned.rss.expanded.decoders.FieldParser
com.google.zxing.oned.rss.expanded.decoders.GeneralAppIdDecoder
com.google.zxing.pdf417.PDF417Reader
com.google.zxing.pdf417.decoder.BitMatrixParser
com.google.zxing.pdf417.decoder.DecodedBitStreamParser
com.google.zxing.pdf417.decoder.Decoder
com.google.zxing.pdf417.detector.Detector